2013-06-09 13:34:27,730 INFO - [recorder.py : __init__() : line 192] - RecorderFetch: init complete
2013-06-09 13:34:27,755 INFO - [recorder.py : run() : line 288] - Started...
2013-06-09 13:34:27,836 INFO - [recorder.py : process_recorder_schedule() : line 220] - Parsing recording show schedules...
2013-06-09 13:34:27,836 INFO - [recorder.py : run() : line 295] - Bootstrap recorder schedule received: {u'is_recording': False, u'server_timezone': u'America\\/Los_Angeles', u'shows': []}
2013-06-09 13:34:27,836 INFO - [recorder.py : run() : line 300] - Bootstrap complete: got initial copy of the schedule
2013-06-09 13:44:37,781 INFO - [recorder.py : __init__() : line 192] - RecorderFetch: init complete
2013-06-09 13:44:37,808 INFO - [recorder.py : run() : line 288] - Started...
2013-06-09 13:44:37,879 INFO - [recorder.py : process_recorder_schedule() : line 220] - Parsing recording show schedules...
2013-06-09 13:44:37,879 INFO - [recorder.py : run() : line 295] - Bootstrap recorder schedule received: {u'is_recording': False, u'server_timezone': u'America\\/Los_Angeles', u'shows': []}
2013-06-09 13:44:37,879 INFO - [recorder.py : run() : line 300] - Bootstrap complete: got initial copy of the schedule
2013-06-09 13:47:00,592 INFO - [recorder.py : __init__() : line 192] - RecorderFetch: init complete
2013-06-09 13:47:00,636 INFO - [recorder.py : run() : line 288] - Started...
2013-06-09 13:47:00,771 INFO - [recorder.py : process_recorder_schedule() : line 220] - Parsing recording show schedules...
2013-06-09 13:47:00,772 INFO - [recorder.py : run() : line 295] - Bootstrap recorder schedule received: {u'is_recording': False, u'server_timezone': u'America\\/Los_Angeles', u'shows': []}
2013-06-09 13:47:00,772 INFO - [recorder.py : run() : line 300] - Bootstrap complete: got initial copy of the schedule
2013-06-09 19:29:43,495 INFO - [recorder.py : __init__() : line 192] - RecorderFetch: init complete
2013-06-09 19:29:43,524 INFO - [recorder.py : run() : line 288] - Started...
2013-06-09 19:29:43,598 INFO - [recorder.py : process_recorder_schedule() : line 220] - Parsing recording show schedules...
2013-06-09 19:29:43,598 INFO - [recorder.py : run() : line 295] - Bootstrap recorder schedule received: {u'is_recording': False, u'server_timezone': u'America\\/Los_Angeles', u'shows': []}
2013-06-09 19:29:43,598 INFO - [recorder.py : run() : line 300] - Bootstrap complete: got initial copy of the schedule
2013-06-09 19:53:54,812 INFO - [recorder.py : __init__() : line 192] - RecorderFetch: init complete
2013-06-09 19:53:54,852 INFO - [recorder.py : run() : line 288] - Started...
2013-06-09 19:53:54,889 INFO - [recorder.py : process_recorder_schedule() : line 220] - Parsing recording show schedules...
2013-06-09 19:53:54,889 INFO - [recorder.py : run() : line 295] - Bootstrap recorder schedule received: {u'is_recording': False, u'server_timezone': u'America\\/Los_Angeles', u'shows': []}
2013-06-09 19:53:54,889 INFO - [recorder.py : run() : line 300] - Bootstrap complete: got initial copy of the schedule
2013-06-09 19:58:26,116 INFO - [recorder.py : __init__() : line 192] - RecorderFetch: init complete
2013-06-09 19:58:26,141 INFO - [recorder.py : run() : line 288] - Started...
2013-06-09 19:58:26,197 INFO - [recorder.py : process_recorder_schedule() : line 220] - Parsing recording show schedules...
2013-06-09 19:58:26,197 INFO - [recorder.py : run() : line 295] - Bootstrap recorder schedule received: {u'is_recording': False, u'server_timezone': u'America\\/Los_Angeles', u'shows': []}
2013-06-09 19:58:26,198 INFO - [recorder.py : run() : line 300] - Bootstrap complete: got initial copy of the schedule
2013-06-09 20:10:17,434 INFO - [recorder.py : __init__() : line 192] - RecorderFetch: init complete
2013-06-09 20:10:17,464 INFO - [recorder.py : run() : line 288] - Started...
2013-06-09 20:10:17,543 INFO - [recorder.py : process_recorder_schedule() : line 220] - Parsing recording show schedules...
2013-06-09 20:10:17,543 INFO - [recorder.py : run() : line 295] - Bootstrap recorder schedule received: {u'is_recording': False, u'server_timezone': u'America\\/Los_Angeles', u'shows': []}
2013-06-09 20:10:17,543 INFO - [recorder.py : run() : line 300] - Bootstrap complete: got initial copy of the schedule
2013-06-09 21:10:23,983 INFO - [recorder.py : process_recorder_schedule() : line 220] - Parsing recording show schedules...
2013-06-09 21:10:23,983 INFO - [recorder.py : run() : line 315] - updated recorder schedule received: {u'is_recording': False, u'server_timezone': u'America\\/Los_Angeles', u'shows': []}
2013-06-10 10:06:28,896 INFO - [recorder.py : __init__() : line 192] - RecorderFetch: init complete
2013-06-10 10:06:28,922 INFO - [recorder.py : run() : line 288] - Started...
2013-06-10 10:06:28,994 INFO - [recorder.py : process_recorder_schedule() : line 220] - Parsing recording show schedules...
2013-06-10 10:06:28,994 INFO - [recorder.py : run() : line 295] - Bootstrap recorder schedule received: {u'is_recording': False, u'server_timezone': u'America\\/Los_Angeles', u'shows': []}
2013-06-10 10:06:28,994 INFO - [recorder.py : run() : line 300] - Bootstrap complete: got initial copy of the schedule
2013-06-10 10:10:51,389 INFO - [recorder.py : __init__() : line 192] - RecorderFetch: init complete
2013-06-10 10:10:51,415 INFO - [recorder.py : run() : line 288] - Started...
2013-06-10 10:10:51,488 INFO - [recorder.py : process_recorder_schedule() : line 220] - Parsing recording show schedules...
2013-06-10 10:10:51,488 INFO - [recorder.py : run() : line 295] - Bootstrap recorder schedule received: {u'is_recording': False, u'server_timezone': u'America\\/Los_Angeles', u'shows': []}
2013-06-10 10:10:51,488 INFO - [recorder.py : run() : line 300] - Bootstrap complete: got initial copy of the schedule
2013-06-10 10:11:46,146 INFO - [recorder.py : __init__() : line 192] - RecorderFetch: init complete
2013-06-10 10:11:46,170 INFO - [recorder.py : run() : line 288] - Started...
2013-06-10 10:11:46,261 INFO - [recorder.py : process_recorder_schedule() : line 220] - Parsing recording show schedules...
2013-06-10 10:11:46,261 INFO - [recorder.py : run() : line 295] - Bootstrap recorder schedule received: {u'is_recording': False, u'server_timezone': u'America\\/Los_Angeles', u'shows': []}
2013-06-10 10:11:46,261 INFO - [recorder.py : run() : line 300] - Bootstrap complete: got initial copy of the schedule
2013-06-10 10:29:38,540 INFO - [recorder.py : __init__() : line 192] - RecorderFetch: init complete
2013-06-10 10:29:38,580 INFO - [recorder.py : run() : line 288] - Started...
2013-06-10 10:29:38,631 INFO - [recorder.py : process_recorder_schedule() : line 220] - Parsing recording show schedules...
2013-06-10 10:29:38,631 INFO - [recorder.py : run() : line 295] - Bootstrap recorder schedule received: {u'is_recording': False, u'server_timezone': u'America\\/Los_Angeles', u'shows': []}
2013-06-10 10:29:38,631 INFO - [recorder.py : run() : line 300] - Bootstrap complete: got initial copy of the schedule
2013-06-10 10:30:47,728 INFO - [recorder.py : __init__() : line 192] - RecorderFetch: init complete
2013-06-10 10:30:47,771 INFO - [recorder.py : run() : line 288] - Started...
2013-06-10 10:30:47,823 INFO - [recorder.py : process_recorder_schedule() : line 220] - Parsing recording show schedules...
2013-06-10 10:30:47,824 INFO - [recorder.py : run() : line 295] - Bootstrap recorder schedule received: {u'is_recording': False, u'server_timezone': u'America\\/Los_Angeles', u'shows': []}
2013-06-10 10:30:47,824 INFO - [recorder.py : run() : line 300] - Bootstrap complete: got initial copy of the schedule
2013-06-10 10:31:11,918 INFO - [recorder.py : __init__() : line 192] - RecorderFetch: init complete
2013-06-10 10:31:11,944 INFO - [recorder.py : run() : line 288] - Started...
2013-06-10 10:31:12,017 INFO - [recorder.py : process_recorder_schedule() : line 220] - Parsing recording show schedules...
2013-06-10 10:31:12,017 INFO - [recorder.py : run() : line 295] - Bootstrap recorder schedule received: {u'is_recording': False, u'server_timezone': u'America\\/Los_Angeles', u'shows': []}
2013-06-10 10:31:12,017 INFO - [recorder.py : run() : line 300] - Bootstrap complete: got initial copy of the schedule
2013-06-10 10:33:20,827 INFO - [recorder.py : __init__() : line 192] - RecorderFetch: init complete
2013-06-10 10:33:20,871 INFO - [recorder.py : run() : line 288] - Started...
2013-06-10 10:33:20,927 INFO - [recorder.py : process_recorder_schedule() : line 220] - Parsing recording show schedules...
2013-06-10 10:33:20,927 INFO - [recorder.py : run() : line 295] - Bootstrap recorder schedule received: {u'is_recording': False, u'server_timezone': u'America\\/Los_Angeles', u'shows': []}
2013-06-10 10:33:20,928 INFO - [recorder.py : run() : line 300] - Bootstrap complete: got initial copy of the schedule
